0 verbose cli /usr/bin/node /usr/bin/npm
1 info using npm@11.6.3
2 info using node@v24.13.0
3 silly config load:file:/usr/lib/node_modules/npm/npmrc
4 silly config load:file:/var/www/.npmrc
5 silly config load:file:/etc/npmrc
6 verbose title npm install
7 verbose argv "install"
8 verbose logfile logs-max:10 dir:/var/www/.npm/_logs/2026-01-16T10_05_43_312Z-
9 verbose logfile /var/www/.npm/_logs/2026-01-16T10_05_43_312Z-debug-0.log
10 silly logfile start cleaning logs, removing 1 files
11 silly logfile done cleaning log files
12 silly packumentCache heap:4496293888 maxSize:1124073472 maxEntrySize:562036736
13 silly idealTree buildDeps
14 silly reify moves {}
15 silly audit bulk request {
15 silly audit   '@adobe/css-tools': [ '4.4.4' ],
15 silly audit   '@asamuzakjp/css-color': [ '3.2.0' ],
15 silly audit   'lru-cache': [ '10.4.3', '5.1.1' ],
15 silly audit   '@babel/code-frame': [ '7.28.6' ],
15 silly audit   '@babel/compat-data': [ '7.28.6' ],
15 silly audit   '@babel/core': [ '7.28.6' ],
15 silly audit   '@babel/generator': [ '7.28.6' ],
15 silly audit   '@babel/helper-annotate-as-pure': [ '7.27.3' ],
15 silly audit   '@babel/helper-compilation-targets': [ '7.28.6' ],
15 silly audit   '@babel/helper-create-class-features-plugin': [ '7.28.6' ],
15 silly audit   '@babel/helper-create-regexp-features-plugin': [ '7.28.5' ],
15 silly audit   '@babel/helper-define-polyfill-provider': [ '0.6.5' ],
15 silly audit   '@babel/helper-globals': [ '7.28.0' ],
15 silly audit   '@babel/helper-member-expression-to-functions': [ '7.28.5' ],
15 silly audit   '@babel/helper-module-imports': [ '7.28.6' ],
15 silly audit   '@babel/helper-module-transforms': [ '7.28.6' ],
15 silly audit   '@babel/helper-optimise-call-expression': [ '7.27.1' ],
15 silly audit   '@babel/helper-plugin-utils': [ '7.28.6' ],
15 silly audit   '@babel/helper-remap-async-to-generator': [ '7.27.1' ],
15 silly audit   '@babel/helper-replace-supers': [ '7.28.6' ],
15 silly audit   '@babel/helper-skip-transparent-expression-wrappers': [ '7.27.1' ],
15 silly audit   '@babel/helper-string-parser': [ '7.27.1' ],
15 silly audit   '@babel/helper-validator-identifier': [ '7.28.5' ],
15 silly audit   '@babel/helper-validator-option': [ '7.27.1' ],
15 silly audit   '@babel/helper-wrap-function': [ '7.28.6' ],
15 silly audit   '@babel/helpers': [ '7.28.6' ],
15 silly audit   '@babel/parser': [ '7.28.6' ],
15 silly audit   '@babel/plugin-bugfix-firefox-class-in-computed-class-key': [ '7.28.5' ],
15 silly audit   '@babel/plugin-bugfix-safari-class-field-initializer-scope': [ '7.27.1' ],
15 silly audit   '@babel/plugin-bugfix-safari-id-destructuring-collision-in-function-expression': [ '7.27.1' ],
15 silly audit   '@babel/plugin-bugfix-v8-spread-parameters-in-optional-chaining': [ '7.27.1' ],
15 silly audit   '@babel/plugin-bugfix-v8-static-class-fields-redefine-readonly': [ '7.28.6' ],
15 silly audit   '@babel/plugin-proposal-private-property-in-object': [ '7.21.0-placeholder-for-preset-env.2' ],
15 silly audit   '@babel/plugin-syntax-import-assertions': [ '7.28.6' ],
15 silly audit   '@babel/plugin-syntax-import-attributes': [ '7.28.6' ],
15 silly audit   '@babel/plugin-syntax-unicode-sets-regex': [ '7.18.6' ],
15 silly audit   '@babel/plugin-transform-arrow-functions': [ '7.27.1' ],
15 silly audit   '@babel/plugin-transform-async-generator-functions': [ '7.28.6' ],
15 silly audit   '@babel/plugin-transform-async-to-generator': [ '7.28.6' ],
15 silly audit   '@babel/plugin-transform-block-scoped-functions': [ '7.27.1' ],
15 silly audit   '@babel/plugin-transform-block-scoping': [ '7.28.6' ],
15 silly audit   '@babel/plugin-transform-class-properties': [ '7.28.6' ],
15 silly audit   '@babel/plugin-transform-class-static-block': [ '7.28.6' ],
15 silly audit   '@babel/plugin-transform-classes': [ '7.28.6' ],
15 silly audit   '@babel/plugin-transform-computed-properties': [ '7.28.6' ],
15 silly audit   '@babel/plugin-transform-destructuring': [ '7.28.5' ],
15 silly audit   '@babel/plugin-transform-dotall-regex': [ '7.28.6' ],
15 silly audit   '@babel/plugin-transform-duplicate-keys': [ '7.27.1' ],
15 silly audit   '@babel/plugin-transform-duplicate-named-capturing-groups-regex': [ '7.28.6' ],
15 silly audit   '@babel/plugin-transform-dynamic-import': [ '7.27.1' ],
15 silly audit   '@babel/plugin-transform-explicit-resource-management': [ '7.28.6' ],
15 silly audit   '@babel/plugin-transform-exponentiation-operator': [ '7.28.6' ],
15 silly audit   '@babel/plugin-transform-export-namespace-from': [ '7.27.1' ],
15 silly audit   '@babel/plugin-transform-for-of': [ '7.27.1' ],
15 silly audit   '@babel/plugin-transform-function-name': [ '7.27.1' ],
15 silly audit   '@babel/plugin-transform-json-strings': [ '7.28.6' ],
15 silly audit   '@babel/plugin-transform-literals': [ '7.27.1' ],
15 silly audit   '@babel/plugin-transform-logical-assignment-operators': [ '7.28.6' ],
15 silly audit   '@babel/plugin-transform-member-expression-literals': [ '7.27.1' ],
15 silly audit   '@babel/plugin-transform-modules-amd': [ '7.27.1' ],
15 silly audit   '@babel/plugin-transform-modules-commonjs': [ '7.28.6' ],
15 silly audit   '@babel/plugin-transform-modules-systemjs': [ '7.28.5' ],
15 silly audit   '@babel/plugin-transform-modules-umd': [ '7.27.1' ],
15 silly audit   '@babel/plugin-transform-named-capturing-groups-regex': [ '7.27.1' ],
15 silly audit   '@babel/plugin-transform-new-target': [ '7.27.1' ],
15 silly audit   '@babel/plugin-transform-nullish-coalescing-operator': [ '7.28.6' ],
15 silly audit   '@babel/plugin-transform-numeric-separator': [ '7.28.6' ],
15 silly audit   '@babel/plugin-transform-object-rest-spread': [ '7.28.6' ],
15 silly audit   '@babel/plugin-transform-object-super': [ '7.27.1' ],
15 silly audit   '@babel/plugin-transform-optional-catch-binding': [ '7.28.6' ],
15 silly audit   '@babel/plugin-transform-optional-chaining': [ '7.28.6' ],
15 silly audit   '@babel/plugin-transform-parameters': [ '7.27.7' ],
15 silly audit   '@babel/plugin-transform-private-methods': [ '7.28.6' ],
15 silly audit   '@babel/plugin-transform-private-property-in-object': [ '7.28.6' ],
15 silly audit   '@babel/plugin-transform-property-literals': [ '7.27.1' ],
15 silly audit   '@babel/plugin-transform-regenerator': [ '7.28.6' ],
15 silly audit   '@babel/plugin-transform-regexp-modifiers': [ '7.28.6' ],
15 silly audit   '@babel/plugin-transform-reserved-words': [ '7.27.1' ],
15 silly audit   '@babel/plugin-transform-shorthand-properties': [ '7.27.1' ],
15 silly audit   '@babel/plugin-transform-spread': [ '7.28.6' ],
15 silly audit   '@babel/plugin-transform-sticky-regex': [ '7.27.1' ],
15 silly audit   '@babel/plugin-transform-template-literals': [ '7.27.1' ],
15 silly audit   '@babel/plugin-transform-typeof-symbol': [ '7.27.1' ],
15 silly audit   '@babel/plugin-transform-unicode-escapes': [ '7.27.1' ],
15 silly audit   '@babel/plugin-transform-unicode-property-regex': [ '7.28.6' ],
15 silly audit   '@babel/plugin-transform-unicode-regex': [ '7.27.1' ],
15 silly audit   '@babel/plugin-transform-unicode-sets-regex': [ '7.28.6' ],
15 silly audit   '@babel/preset-env': [ '7.28.6' ],
15 silly audit   '@babel/preset-modules': [ '0.1.6-no-external-plugins' ],
15 silly audit   '@babel/runtime': [ '7.28.6' ],
15 silly audit   '@babel/template': [ '7.28.6' ],
15 silly audit   '@babel/traverse': [ '7.28.6' ],
15 silly audit   '@babel/types': [ '7.28.6' ],
15 silly audit   '@csstools/color-helpers': [ '5.1.0' ],
15 silly audit   '@csstools/css-calc': [ '2.1.4' ],
15 silly audit   '@csstools/css-color-parser': [ '3.1.0' ],
15 silly audit   '@csstools/css-parser-algorithms': [ '3.0.5' ],
15 silly audit   '@csstools/css-tokenizer': [ '3.0.4' ],
15 silly audit   '@discoveryjs/json-ext': [ '0.5.7' ],
15 silly audit   '@esbuild/aix-ppc64': [ '0.27.2' ],
15 silly audit   '@esbuild/android-arm': [ '0.27.2' ],
15 silly audit   '@esbuild/android-arm64': [ '0.27.2' ],
15 silly audit   '@esbuild/android-x64': [ '0.27.2' ],
15 silly audit   '@esbuild/darwin-arm64': [ '0.27.2' ],
15 silly audit   '@esbuild/darwin-x64': [ '0.27.2' ],
15 silly audit   '@esbuild/freebsd-arm64': [ '0.27.2' ],
15 silly audit   '@esbuild/freebsd-x64': [ '0.27.2' ],
15 silly audit   '@esbuild/linux-arm': [ '0.27.2' ],
15 silly audit   '@esbuild/linux-arm64': [ '0.27.2' ],
15 silly audit   '@esbuild/linux-ia32': [ '0.27.2' ],
15 silly audit   '@esbuild/linux-loong64': [ '0.27.2' ],
15 silly audit   '@esbuild/linux-mips64el': [ '0.27.2' ],
15 silly audit   '@esbuild/linux-ppc64': [ '0.27.2' ],
15 silly audit   '@esbuild/linux-riscv64': [ '0.27.2' ],
15 silly audit   '@esbuild/linux-s390x': [ '0.27.2' ],
15 silly audit   '@esbuild/linux-x64': [ '0.27.2' ],
15 silly audit   '@esbuild/netbsd-arm64': [ '0.27.2' ],
15 silly audit   '@esbuild/netbsd-x64': [ '0.27.2' ],
15 silly audit   '@esbuild/openbsd-arm64': [ '0.27.2' ],
15 silly audit   '@esbuild/openbsd-x64': [ '0.27.2' ],
15 silly audit   '@esbuild/openharmony-arm64': [ '0.27.2' ],
15 silly audit   '@esbuild/sunos-x64': [ '0.27.2' ],
15 silly audit   '@esbuild/win32-arm64': [ '0.27.2' ],
15 silly audit   '@esbuild/win32-ia32': [ '0.27.2' ],
15 silly audit   '@esbuild/win32-x64': [ '0.27.2' ],
15 silly audit   '@hotwired/stimulus': [ '3.2.2' ],
15 silly audit   '@hotwired/stimulus-webpack-helpers': [ '1.0.1' ],
15 silly audit   '@hotwired/turbo': [ '8.0.20' ],
15 silly audit   '@jest/pattern': [ '30.0.1' ],
15 silly audit   '@jest/schemas': [ '30.0.5' ],
15 silly audit   '@jest/types': [ '30.2.0' ],
15 silly audit   'ansi-styles': [ '4.3.0', '3.2.1', '5.2.0' ],
15 silly audit   chalk: [ '4.1.2', '2.4.2' ],
15 silly audit   'color-convert': [ '2.0.1', '1.9.3' ],
15 silly audit   'color-name': [ '1.1.4', '1.1.3' ],
15 silly audit   'has-flag': [ '4.0.0', '3.0.0' ],
15 silly audit   'supports-color': [ '7.2.0', '8.1.1', '5.5.0' ],
15 silly audit   '@jridgewell/gen-mapping': [ '0.3.13' ],
15 silly audit   '@jridgewell/remapping': [ '2.3.5' ],
15 silly audit   '@jridgewell/resolve-uri': [ '3.1.2' ],
15 silly audit   '@jridgewell/source-map': [ '0.3.11' ],
15 silly audit   '@jridgewell/sourcemap-codec': [ '1.5.5' ],
15 silly audit   '@jridgewell/trace-mapping': [ '0.3.31' ],
15 silly audit   '@nuxt/friendly-errors-webpack-plugin': [ '2.6.0' ],
15 silly audit   '@parcel/watcher': [ '2.5.4' ],
15 silly audit   '@parcel/watcher-android-arm64': [ '2.5.4' ],
15 silly audit   '@parcel/watcher-darwin-arm64': [ '2.5.4' ],
15 silly audit   '@parcel/watcher-darwin-x64': [ '2.5.4' ],
15 silly audit   '@parcel/watcher-freebsd-x64': [ '2.5.4' ],
15 silly audit   '@parcel/watcher-linux-arm-glibc': [ '2.5.4' ],
15 silly audit   '@parcel/watcher-linux-arm-musl': [ '2.5.4' ],
15 silly audit   '@parcel/watcher-linux-arm64-glibc': [ '2.5.4' ],
15 silly audit   '@parcel/watcher-linux-arm64-musl': [ '2.5.4' ],
15 silly audit   '@parcel/watcher-linux-x64-glibc': [ '2.5.4' ],
15 silly audit   '@parcel/watcher-linux-x64-musl': [ '2.5.4' ],
15 silly audit   '@parcel/watcher-win32-arm64': [ '2.5.4' ],
15 silly audit   '@parcel/watcher-win32-ia32': [ '2.5.4' ],
15 silly audit   '@parcel/watcher-win32-x64': [ '2.5.4' ],
15 silly audit   '@popperjs/core': [ '2.11.8' ],
15 silly audit   '@rollup/rollup-android-arm-eabi': [ '4.55.1' ],
15 silly audit   '@rollup/rollup-android-arm64': [ '4.55.1' ],
15 silly audit   '@rollup/rollup-darwin-arm64': [ '4.55.1' ],
15 silly audit   '@rollup/rollup-darwin-x64': [ '4.55.1' ],
15 silly audit   '@rollup/rollup-freebsd-arm64': [ '4.55.1' ],
15 silly audit   '@rollup/rollup-freebsd-x64': [ '4.55.1' ],
15 silly audit   '@rollup/rollup-linux-arm-gnueabihf': [ '4.55.1' ],
15 silly audit   '@rollup/rollup-linux-arm-musleabihf': [ '4.55.1' ],
15 silly audit   '@rollup/rollup-linux-arm64-gnu': [ '4.55.1' ],
15 silly audit   '@rollup/rollup-linux-arm64-musl': [ '4.55.1' ],
15 silly audit   '@rollup/rollup-linux-loong64-gnu': [ '4.55.1' ],
15 silly audit   '@rollup/rollup-linux-loong64-musl': [ '4.55.1' ],
15 silly audit   '@rollup/rollup-linux-ppc64-gnu': [ '4.55.1' ],
15 silly audit   '@rollup/rollup-linux-ppc64-musl': [ '4.55.1' ],
15 silly audit   '@rollup/rollup-linux-riscv64-gnu': [ '4.55.1' ],
15 silly audit   '@rollup/rollup-linux-riscv64-musl': [ '4.55.1' ],
15 silly audit   '@rollup/rollup-linux-s390x-gnu': [ '4.55.1' ],
15 silly audit   '@rollup/rollup-linux-x64-gnu': [ '4.55.1' ],
15 silly audit   '@rollup/rollup-linux-x64-musl': [ '4.55.1' ],
15 silly audit   '@rollup/rollup-openbsd-x64': [ '4.55.1' ],
15 silly audit   '@rollup/rollup-openharmony-arm64': [ '4.55.1' ],
15 silly audit   '@rollup/rollup-win32-arm64-msvc': [ '4.55.1' ],
15 silly audit   '@rollup/rollup-win32-ia32-msvc': [ '4.55.1' ],
15 silly audit   '@rollup/rollup-win32-x64-gnu': [ '4.55.1' ],
15 silly audit   '@rollup/rollup-win32-x64-msvc': [ '4.55.1' ],
15 silly audit   '@sinclair/typebox': [ '0.34.47' ],
15 silly audit   '@symfony/stimulus-bridge': [ '4.0.1' ],
15 silly audit   '@symfony/webpack-encore': [ '5.3.1' ],
15 silly audit   semver: [ '7.7.3', '6.3.1' ],
15 silly audit   '@testing-library/dom': [ '10.4.1' ],
15 silly audit   '@testing-library/jest-dom': [ '6.9.1' ],
15 silly audit   'dom-accessibility-api': [ '0.6.3', '0.5.16' ],
15 silly audit   '@testing-library/user-event': [ '14.6.1' ],
15 silly audit   '@types/aria-query': [ '5.0.4' ],
15 silly audit   '@types/chai': [ '5.2.3' ],
15 silly audit   '@types/deep-eql': [ '4.0.2' ],
15 silly audit   '@types/eslint': [ '9.6.1' ],
15 silly audit   '@types/eslint-scope': [ '3.7.7' ],
15 silly audit   '@types/estree': [ '1.0.8' ],
15 silly audit   '@types/hotwired__turbo': [ '8.0.5' ],
15 silly audit   '@types/istanbul-lib-coverage': [ '2.0.6' ],
15 silly audit   '@types/istanbul-lib-report': [ '3.0.3' ],
15 silly audit   '@types/istanbul-reports': [ '3.0.4' ],
15 silly audit   '@types/json-schema': [ '7.0.15' ],
15 silly audit   '@types/node': [ '25.0.9' ],
15 silly audit   '@types/webpack-env': [ '1.18.8' ],
15 silly audit   '@types/yargs': [ '17.0.35' ],
15 silly audit   '@types/yargs-parser': [ '21.0.3' ],
15 silly audit   '@ungap/structured-clone': [ '1.3.0' ],
15 silly audit   '@vitest/expect': [ '3.2.4' ],
15 silly audit   '@vitest/mocker': [ '3.2.4' ],
15 silly audit   '@vitest/pretty-format': [ '3.2.4' ],
15 silly audit   '@vitest/runner': [ '3.2.4' ],
15 silly audit   '@vitest/snapshot': [ '3.2.4' ],
15 silly audit   '@vitest/spy': [ '3.2.4' ],
15 silly audit   '@vitest/utils': [ '3.2.4' ],
15 silly audit   '@webassemblyjs/ast': [ '1.14.1' ],
15 silly audit   '@webassemblyjs/floating-point-hex-parser': [ '1.13.2' ],
15 silly audit   '@webassemblyjs/helper-api-error': [ '1.13.2' ],
15 silly audit   '@webassemblyjs/helper-buffer': [ '1.14.1' ],
15 silly audit   '@webassemblyjs/helper-numbers': [ '1.13.2' ],
15 silly audit   '@webassemblyjs/helper-wasm-bytecode': [ '1.13.2' ],
15 silly audit   '@webassemblyjs/helper-wasm-section': [ '1.14.1' ],
15 silly audit   '@webassemblyjs/ieee754': [ '1.13.2' ],
15 silly audit   '@webassemblyjs/leb128': [ '1.13.2' ],
15 silly audit   '@webassemblyjs/utf8': [ '1.13.2' ],
15 silly audit   '@webassemblyjs/wasm-edit': [ '1.14.1' ],
15 silly audit   '@webassemblyjs/wasm-gen': [ '1.14.1' ],
15 silly audit   '@webassemblyjs/wasm-opt': [ '1.14.1' ],
15 silly audit   '@webassemblyjs/wasm-parser': [ '1.14.1' ],
15 silly audit   '@webassemblyjs/wast-printer': [ '1.14.1' ],
15 silly audit   '@webpack-cli/configtest': [ '2.1.1' ],
15 silly audit   '@webpack-cli/info': [ '2.0.2' ],
15 silly audit   '@webpack-cli/serve': [ '2.0.5' ],
15 silly audit   '@xtuc/ieee754': [ '1.2.0' ],
15 silly audit   '@xtuc/long': [ '4.2.2' ],
15 silly audit   acorn: [ '8.15.0' ],
15 silly audit   'acorn-import-phases': [ '1.0.4' ],
15 silly audit   'adjust-sourcemap-loader': [ '4.0.0' ],
15 silly audit   'agent-base': [ '7.1.4' ],
15 silly audit   ajv: [ '8.17.1' ],
15 silly audit   'ajv-formats': [ '2.1.1' ],
15 silly audit   'ajv-keywords': [ '5.1.0' ],
15 silly audit   'ansi-regex': [ '5.0.1' ],
15 silly audit   'aria-query': [ '5.3.0' ],
15 silly audit   'assertion-error': [ '2.0.1' ],
15 silly audit   'babel-loader': [ '10.0.0' ],
15 silly audit   'babel-plugin-polyfill-corejs2': [ '0.4.14' ],
15 silly audit   'babel-plugin-polyfill-corejs3': [ '0.13.0' ],
15 silly audit   'babel-plugin-polyfill-regenerator': [ '0.6.5' ],
15 silly audit   'baseline-browser-mapping': [ '2.9.14' ],
15 silly audit   'big.js': [ '5.2.2' ],
15 silly audit   boolbase: [ '1.0.0' ],
15 silly audit   bootstrap: [ '5.3.8' ],
15 silly audit   browserslist: [ '4.28.1' ],
15 silly audit   'buffer-from': [ '1.1.2' ],
15 silly audit   cac: [ '6.7.14' ],
15 silly audit   'caniuse-api': [ '3.0.0' ],
15 silly audit   'caniuse-lite': [ '1.0.30001764' ],
15 silly audit   chai: [ '5.3.3' ],
15 silly audit   'check-error': [ '2.1.3' ],
15 silly audit   chokidar: [ '4.0.3' ],
15 silly audit   'chrome-trace-event': [ '1.0.4' ],
15 silly audit   'ci-info': [ '4.3.1' ],
15 silly audit   'clone-deep': [ '4.0.1' ],
15 silly audit   colord: [ '2.9.3' ],
15 silly audit   colorette: [ '2.0.20' ],
15 silly audit   commander: [ '11.1.0', '2.20.3', '10.0.1' ],
15 silly audit   consola: [ '3.4.2' ],
15 silly audit   'convert-source-map': [ '2.0.0', '1.9.0' ],
15 silly audit   'core-js': [ '3.47.0' ],
15 silly audit   'core-js-compat': [ '3.47.0' ],
15 silly audit   'cross-spawn': [ '7.0.6' ],
15 silly audit   'css-declaration-sorter': [ '7.3.1' ],
15 silly audit   'css-loader': [ '7.1.2' ],
15 silly audit   'css-minimizer-webpack-plugin': [ '7.0.4' ],
15 silly audit   'css-select': [ '4.3.0', '5.2.2' ],
15 silly audit   'css-tree': [ '3.1.0', '2.2.1' ],
15 silly audit   'css-what': [ '6.2.2' ],
15 silly audit   'css.escape': [ '1.5.1' ],
15 silly audit   cssesc: [ '3.0.0' ],
15 silly audit   cssnano: [ '7.1.2' ],
15 silly audit   'cssnano-preset-default': [ '7.0.10' ],
15 silly audit   'cssnano-utils': [ '5.0.1' ],
15 silly audit   csso: [ '5.0.5' ],
15 silly audit   'mdn-data': [ '2.0.28', '2.12.2' ],
15 silly audit   cssstyle: [ '4.6.0' ],
15 silly audit   'data-urls': [ '5.0.0' ],
15 silly audit   debug: [ '4.4.3' ],
15 silly audit   'decimal.js': [ '10.6.0' ],
15 silly audit   'deep-eql': [ '5.0.2' ],
15 silly audit   dequal: [ '2.0.3' ],
15 silly audit   'detect-libc': [ '2.1.2' ],
15 silly audit   'dom-converter': [ '0.2.0' ],
15 silly audit   'dom-serializer': [ '1.4.1', '2.0.0' ],
15 silly audit   domelementtype: [ '2.3.0' ],
15 silly audit   domhandler: [ '4.3.1', '5.0.3' ],
15 silly audit   domutils: [ '2.8.0', '3.2.2' ],
15 silly audit   'electron-to-chromium': [ '1.5.267' ],
15 silly audit   'emoji-regex': [ '8.0.0' ],
15 silly audit   'emojis-list': [ '3.0.0' ],
15 silly audit   'enhanced-resolve': [ '5.18.4' ],
15 silly audit   entities: [ '2.2.0', '6.0.1', '4.5.0' ],
15 silly audit   envinfo: [ '7.21.0' ],
15 silly audit   'error-stack-parser': [ '2.1.4' ],
15 silly audit   'es-module-lexer': [ '2.0.0', '1.7.0' ],
15 silly audit   esbuild: [ '0.27.2' ],
15 silly audit   escalade: [ '3.2.0' ],
15 silly audit   'escape-string-regexp': [ '1.0.5' ],
15 silly audit   'eslint-scope': [ '5.1.1' ],
15 silly audit   esrecurse: [ '4.3.0' ],
15 silly audit   estraverse: [ '5.3.0', '4.3.0' ],
15 silly audit   'estree-walker': [ '3.0.3' ],
15 silly audit   esutils: [ '2.0.3' ],
15 silly audit   events: [ '3.3.0' ],
15 silly audit   'expect-type': [ '1.3.0' ],
15 silly audit   'fast-deep-equal': [ '3.1.3' ],
15 silly audit   'fast-uri': [ '3.1.0' ],
15 silly audit   'fastest-levenshtein': [ '1.0.16' ],
15 silly audit   fdir: [ '6.5.0' ],
15 silly audit   'find-up': [ '5.0.0', '4.1.0' ],
15 silly audit   flat: [ '5.0.2' ],
15 silly audit   fsevents: [ '2.3.3' ],
15 silly audit   'function-bind': [ '1.1.2' ],
15 silly audit   gensync: [ '1.0.0-beta.2' ],
15 silly audit   'get-tsconfig': [ '4.13.0' ],
15 silly audit   'glob-to-regexp': [ '0.4.1' ],
15 silly audit   'graceful-fs': [ '4.2.11' ],
15 silly audit   hasown: [ '2.0.2' ],
15 silly audit   'html-encoding-sniffer': [ '4.0.0' ],
15 silly audit   htmlparser2: [ '6.1.0' ],
15 silly audit   'http-proxy-agent': [ '7.0.2' ],
15 silly audit   'https-proxy-agent': [ '7.0.6' ],
15 silly audit   'iconv-lite': [ '0.6.3' ],
15 silly audit   'icss-utils': [ '5.1.0' ],
15 silly audit   immutable: [ '5.1.4' ],
15 silly audit   'import-local': [ '3.2.0' ],
15 silly audit   'indent-string': [ '4.0.0' ],
15 silly audit   interpret: [ '3.1.1' ],
15 silly audit   'is-core-module': [ '2.16.1' ],
15 silly audit   'is-extglob': [ '2.1.1' ],
15 silly audit   'is-fullwidth-code-point': [ '3.0.0' ],
15 silly audit   'is-glob': [ '4.0.3' ],
15 silly audit   'is-plain-object': [ '2.0.4' ],
15 silly audit   'is-potential-custom-element-name': [ '1.0.1' ],
15 silly audit   isexe: [ '2.0.0' ],
15 silly audit   isobject: [ '3.0.1' ],
15 silly audit   'jest-regex-util': [ '30.0.1' ],
15 silly audit   'jest-util': [ '30.2.0' ],
15 silly audit   'jest-worker': [ '30.2.0', '27.5.1' ],
15 silly audit   'js-tokens': [ '4.0.0', '9.0.1' ],
15 silly audit   jsdom: [ '26.1.0' ],
15 silly audit   jsesc: [ '3.1.0' ],
15 silly audit   'json-parse-even-better-errors': [ '2.3.1' ],
15 silly audit   'json-schema-traverse': [ '1.0.0' ],
15 silly audit   json5: [ '2.2.3' ],
15 silly audit   'kind-of': [ '6.0.3' ],
15 silly audit   lilconfig: [ '3.1.3' ],
15 silly audit   'loader-runner': [ '4.3.1' ],
15 silly audit   'loader-utils': [ '2.0.4' ],
15 silly audit   'locate-path': [ '6.0.0', '5.0.0' ],
15 silly audit   lodash: [ '4.17.21' ],
15 silly audit   'lodash.debounce': [ '4.0.8' ],
15 silly audit   'lodash.memoize': [ '4.1.2' ],
15 silly audit   'lodash.uniq': [ '4.5.0' ],
15 silly audit   loupe: [ '3.2.1' ],
15 silly audit   'lz-string': [ '1.5.0' ],
15 silly audit   'magic-string': [ '0.30.21' ],
15 silly audit   'merge-stream': [ '2.0.0' ],
15 silly audit   'mime-db': [ '1.52.0' ],
15 silly audit   'mime-types': [ '2.1.35' ],
15 silly audit   'min-indent': [ '1.0.1' ],
15 silly audit   'mini-css-extract-plugin': [ '2.9.4' ],
15 silly audit   ms: [ '2.1.3' ],
15 silly audit   nanoid: [ '3.3.11' ],
15 silly audit   'neo-async': [ '2.6.2' ],
15 silly audit   'node-addon-api': [ '7.1.1' ],
15 silly audit   'node-releases': [ '2.0.27' ],
15 silly audit   'nth-check': [ '2.1.1' ],
15 silly audit   nwsapi: [ '2.2.23' ],
15 silly audit   'p-limit': [ '3.1.0', '2.3.0' ],
15 silly audit   'p-locate': [ '5.0.0', '4.1.0' ],
15 silly audit   'p-try': [ '2.2.0' ],
15 silly audit   parse5: [ '7.3.0' ],
15 silly audit   'path-exists': [ '4.0.0' ],
15 silly audit   'path-key': [ '3.1.1' ],
15 silly audit   'path-parse': [ '1.0.7' ],
15 silly audit   pathe: [ '2.0.3' ],
15 silly audit   pathval: [ '2.0.1' ],
15 silly audit   picocolors: [ '1.1.1' ],
15 silly audit   picomatch: [ '4.0.3' ],
15 silly audit   'pkg-dir': [ '4.2.0' ],
15 silly audit   postcss: [ '8.5.6' ],
15 silly audit   'postcss-calc': [ '10.1.1' ],
15 silly audit   'postcss-colormin': [ '7.0.5' ],
15 silly audit   'postcss-convert-values': [ '7.0.8' ],
15 silly audit   'postcss-discard-comments': [ '7.0.5' ],
15 silly audit   'postcss-discard-duplicates': [ '7.0.2' ],
15 silly audit   'postcss-discard-empty': [ '7.0.1' ],
15 silly audit   'postcss-discard-overridden': [ '7.0.1' ],
15 silly audit   'postcss-merge-longhand': [ '7.0.5' ],
15 silly audit   'postcss-merge-rules': [ '7.0.7' ],
15 silly audit   'postcss-minify-font-values': [ '7.0.1' ],
15 silly audit   'postcss-minify-gradients': [ '7.0.1' ],
15 silly audit   'postcss-minify-params': [ '7.0.5' ],
15 silly audit   'postcss-minify-selectors': [ '7.0.5' ],
15 silly audit   'postcss-modules-extract-imports': [ '3.1.0' ],
15 silly audit   'postcss-modules-local-by-default': [ '4.2.0' ],
15 silly audit   'postcss-modules-scope': [ '3.2.1' ],
15 silly audit   'postcss-modules-values': [ '4.0.0' ],
15 silly audit   'postcss-normalize-charset': [ '7.0.1' ],
15 silly audit   'postcss-normalize-display-values': [ '7.0.1' ],
15 silly audit   'postcss-normalize-positions': [ '7.0.1' ],
15 silly audit   'postcss-normalize-repeat-style': [ '7.0.1' ],
15 silly audit   'postcss-normalize-string': [ '7.0.1' ],
15 silly audit   'postcss-normalize-timing-functions': [ '7.0.1' ],
15 silly audit   'postcss-normalize-unicode': [ '7.0.5' ],
15 silly audit   'postcss-normalize-url': [ '7.0.1' ],
15 silly audit   'postcss-normalize-whitespace': [ '7.0.1' ],
15 silly audit   'postcss-ordered-values': [ '7.0.2' ],
15 silly audit   'postcss-reduce-initial': [ '7.0.5' ],
15 silly audit   'postcss-reduce-transforms': [ '7.0.1' ],
15 silly audit   'postcss-selector-parser': [ '7.1.1' ],
15 silly audit   'postcss-svgo': [ '7.1.0' ],
15 silly audit   'postcss-unique-selectors': [ '7.0.4' ],
15 silly audit   'postcss-value-parser': [ '4.2.0' ],
15 silly audit   'pretty-error': [ '4.0.0' ],
15 silly audit   'pretty-format': [ '27.5.1' ],
15 silly audit   punycode: [ '2.3.1' ],
15 silly audit   randombytes: [ '2.1.0' ],
15 silly audit   'react-is': [ '17.0.2' ],
15 silly audit   readdirp: [ '4.1.2' ],
15 silly audit   rechoir: [ '0.8.0' ],
15 silly audit   redent: [ '3.0.0' ],
15 silly audit   regenerate: [ '1.4.2' ],
15 silly audit   'regenerate-unicode-properties': [ '10.2.2' ],
15 silly audit   'regenerator-runtime': [ '0.13.11' ],
15 silly audit   'regex-parser': [ '2.3.1' ],
15 silly audit   'regexpu-core': [ '6.4.0' ],
15 silly audit   regjsgen: [ '0.8.0' ],
15 silly audit   regjsparser: [ '0.13.0' ],
15 silly audit   renderkid: [ '3.0.0' ],
15 silly audit   'require-from-string': [ '2.0.2' ],
15 silly audit   resolve: [ '1.22.11' ],
15 silly audit   'resolve-cwd': [ '3.0.0' ],
15 silly audit   'resolve-from': [ '5.0.0' ],
15 silly audit   'resolve-pkg-maps': [ '1.0.0' ],
15 silly audit   'resolve-url-loader': [ '5.0.0' ],
15 silly audit   rollup: [ '4.55.1' ],
15 silly audit   'rrweb-cssom': [ '0.8.0' ],
15 silly audit   'safe-buffer': [ '5.2.1' ],
15 silly audit   'safer-buffer': [ '2.1.2' ],
15 silly audit   sass: [ '1.97.2' ],
15 silly audit   'sass-loader': [ '16.0.6' ],
15 silly audit   sax: [ '1.4.4' ],
15 silly audit   saxes: [ '6.0.0' ],
15 silly audit   'schema-utils': [ '4.3.3' ],
15 silly audit   'serialize-javascript': [ '6.0.2' ],
15 silly audit   'shallow-clone': [ '3.0.1' ],
15 silly audit   'shebang-command': [ '2.0.0' ],
15 silly audit   'shebang-regex': [ '3.0.0' ],
15 silly audit   siginfo: [ '2.0.0' ],
15 silly audit   'source-list-map': [ '2.0.1' ],
15 silly audit   'source-map': [ '0.6.1' ],
15 silly audit   'source-map-js': [ '1.2.1' ],
15 silly audit   'source-map-support': [ '0.5.21' ],
15 silly audit   stackback: [ '0.0.2' ],
15 silly audit   stackframe: [ '1.3.4' ],
15 silly audit   'std-env': [ '3.10.0' ],
15 silly audit   'string-width': [ '4.2.3' ],
15 silly audit   'strip-ansi': [ '6.0.1' ],
15 silly audit   'strip-indent': [ '3.0.0' ],
15 silly audit   'strip-literal': [ '3.1.0' ],
15 silly audit   'style-loader': [ '4.0.0' ],
15 silly audit   stylehacks: [ '7.0.7' ],
15 silly audit   'supports-preserve-symlinks-flag': [ '1.0.0' ],
15 silly audit   svgo: [ '4.0.0' ],
15 silly audit   'symbol-tree': [ '3.2.4' ],
15 silly audit   tapable: [ '2.3.0' ],
15 silly audit   terser: [ '5.46.0' ],
15 silly audit   'terser-webpack-plugin': [ '5.3.16' ],
15 silly audit   tinybench: [ '2.9.0' ],
15 silly audit   tinyexec: [ '0.3.2' ],
15 silly audit   tinyglobby: [ '0.2.15' ],
15 silly audit   tinypool: [ '1.1.1' ],
15 silly audit   tinyrainbow: [ '2.0.0' ],
15 silly audit   tinyspy: [ '4.0.4' ],
15 silly audit   tldts: [ '6.1.86' ],
15 silly audit   'tldts-core': [ '6.1.86' ],
15 silly audit   tmp: [ '0.2.5' ],
15 silly audit   'tough-cookie': [ '5.1.2' ],
15 silly audit   tr46: [ '5.1.1' ],
15 silly audit   tslib: [ '2.8.1' ],
15 silly audit   tsx: [ '4.21.0' ],
15 silly audit   typescript: [ '5.9.3' ],
15 silly audit   'undici-types': [ '7.16.0' ],
15 silly audit   'unicode-canonical-property-names-ecmascript': [ '2.0.1' ],
15 silly audit   'unicode-match-property-ecmascript': [ '2.0.0' ],
15 silly audit   'unicode-match-property-value-ecmascript': [ '2.2.1' ],
15 silly audit   'unicode-property-aliases-ecmascript': [ '2.2.0' ],
15 silly audit   'update-browserslist-db': [ '1.2.3' ],
15 silly audit   'util-deprecate': [ '1.0.2' ],
15 silly audit   utila: [ '0.4.0' ],
15 silly audit   vite: [ '7.3.1' ],
15 silly audit   'vite-node': [ '3.2.4' ],
15 silly audit   vitest: [ '3.2.4' ],
15 silly audit   'w3c-xmlserializer': [ '5.0.0' ],
15 silly audit   watchpack: [ '2.5.1' ],
15 silly audit   'webidl-conversions': [ '7.0.0' ],
15 silly audit   webpack: [ '5.104.1' ],
15 silly audit   'webpack-cli': [ '5.1.4' ],
15 silly audit   'webpack-manifest-plugin': [ '5.0.1' ],
15 silly audit   'webpack-sources': [ '2.3.1', '3.3.3' ],
15 silly audit   'webpack-merge': [ '5.10.0' ],
15 silly audit   'whatwg-encoding': [ '3.1.1' ],
15 silly audit   'whatwg-mimetype': [ '4.0.0' ],
15 silly audit   'whatwg-url': [ '14.2.0' ],
15 silly audit   which: [ '2.0.2' ],
15 silly audit   'why-is-node-running': [ '2.3.0' ],
15 silly audit   wildcard: [ '2.0.1' ],
15 silly audit   ws: [ '8.19.0' ],
15 silly audit   'xml-name-validator': [ '5.0.0' ],
15 silly audit   xmlchars: [ '2.2.0' ],
15 silly audit   yallist: [ '3.1.1' ],
15 silly audit   'yargs-parser': [ '21.1.1' ],
15 silly audit   'yocto-queue': [ '0.1.0' ],
15 silly audit   '@symfony/ux-turbo': [ '2.31.0' ]
15 silly audit }
16 http cache @rollup/rollup-linux-x64-gnu@https://registry.npmjs.org/@rollup/rollup-linux-x64-gnu/-/rollup-linux-x64-gnu-4.55.1.tgz 0ms (cache hit)
17 silly tarball no local data for @rollup/rollup-linux-x64-gnu@https://registry.npmjs.org/@rollup/rollup-linux-x64-gnu/-/rollup-linux-x64-gnu-4.55.1.tgz. Extracting by manifest.
18 http fetch POST 200 https://registry.npmjs.org/-/npm/v1/security/advisories/bulk 461ms
19 silly audit report {}
20 http fetch GET 200 https://registry.npmjs.org/@rollup/rollup-linux-x64-gnu/-/rollup-linux-x64-gnu-4.55.1.tgz 425ms (cache miss)
21 silly ADD node_modules/@rollup/rollup-linux-x64-gnu
22 verbose cwd /var/www
23 verbose os Linux 6.14.0-37-generic
24 verbose node v24.13.0
25 verbose npm  v11.6.3
26 verbose exit 0
27 info ok
