0 verbose cli /usr/bin/node /usr/bin/npm
1 info using npm@11.6.3
2 info using node@v24.13.0
3 silly config load:file:/usr/lib/node_modules/npm/npmrc
4 silly config load:file:/var/www/.npmrc
5 silly config load:file:/etc/npmrc
6 verbose title npm install sass-loader@^16.0.1 sass
7 verbose argv "install" "sass-loader@^16.0.1" "sass" "--save-dev"
8 verbose logfile logs-max:10 dir:/var/www/.npm/_logs/2026-01-16T09_58_03_739Z-
9 verbose logfile /var/www/.npm/_logs/2026-01-16T09_58_03_739Z-debug-0.log
10 silly logfile done cleaning log files
11 silly packumentCache heap:4496293888 maxSize:1124073472 maxEntrySize:562036736
12 silly idealTree buildDeps
13 silly fetch manifest sass-loader@^16.0.1
14 silly packumentCache full:https://registry.npmjs.org/sass-loader cache-miss
15 http fetch GET 200 https://registry.npmjs.org/sass-loader 324ms (cache revalidated)
16 silly packumentCache full:https://registry.npmjs.org/sass-loader set size:418808 disposed:false
17 silly fetch manifest @rspack/core@0.x || 1.x
18 silly packumentCache full:https://registry.npmjs.org/@rspack%2fcore cache-miss
19 http fetch GET 200 https://registry.npmjs.org/@rspack%2fcore 252ms (cache updated)
20 silly packumentCache full:https://registry.npmjs.org/@rspack%2fcore set size:undefined disposed:false
21 silly fetch manifest @swc/helpers@>=0.5.1
22 silly packumentCache full:https://registry.npmjs.org/@swc%2fhelpers cache-miss
23 http fetch GET 200 https://registry.npmjs.org/@swc%2fhelpers 80ms (cache revalidated)
24 silly packumentCache full:https://registry.npmjs.org/@swc%2fhelpers set size:655395 disposed:false
25 silly fetch manifest node-sass@^4.0.0 || ^5.0.0 || ^6.0.0 || ^7.0.0 || ^8.0.0 || ^9.0.0
26 silly packumentCache full:https://registry.npmjs.org/node-sass cache-miss
27 http fetch GET 200 https://registry.npmjs.org/node-sass 65ms (cache revalidated)
28 silly packumentCache full:https://registry.npmjs.org/node-sass set size:494960 disposed:false
29 silly fetch manifest sass@*
30 silly packumentCache full:https://registry.npmjs.org/sass cache-miss
31 http fetch GET 200 https://registry.npmjs.org/sass 59ms (cache revalidated)
32 silly packumentCache full:https://registry.npmjs.org/sass set size:719969 disposed:false
33 silly fetch manifest sass-embedded@*
34 silly packumentCache full:https://registry.npmjs.org/sass-embedded cache-miss
35 http fetch GET 200 https://registry.npmjs.org/sass-embedded 50ms (cache revalidated)
36 silly packumentCache full:https://registry.npmjs.org/sass-embedded set size:403302 disposed:false
37 silly fetch manifest webpack@^5.74.0
38 silly packumentCache full:https://registry.npmjs.org/webpack cache-miss
39 http fetch GET 200 https://registry.npmjs.org/webpack 95ms (cache revalidated)
40 silly packumentCache full:https://registry.npmjs.org/webpack set size:4926367 disposed:false
41 silly placeDep ROOT sass@1.97.2 OK for:  want: *
42 silly placeDep ROOT sass-loader@16.0.6 OK for:  want: ^16.0.1
43 silly fetch manifest chokidar@^4.0.0
44 silly packumentCache full:https://registry.npmjs.org/chokidar cache-miss
45 silly fetch manifest immutable@^5.0.2
46 silly packumentCache full:https://registry.npmjs.org/immutable cache-miss
47 silly fetch manifest @parcel/watcher@^2.4.1
48 silly packumentCache full:https://registry.npmjs.org/@parcel%2fwatcher cache-miss
49 http fetch GET 200 https://registry.npmjs.org/chokidar 92ms (cache miss)
50 silly packumentCache full:https://registry.npmjs.org/chokidar set size:undefined disposed:false
51 http fetch GET 200 https://registry.npmjs.org/@parcel%2fwatcher 239ms (cache miss)
52 silly packumentCache full:https://registry.npmjs.org/@parcel%2fwatcher set size:undefined disposed:false
53 http fetch GET 200 https://registry.npmjs.org/immutable 242ms (cache miss)
54 silly packumentCache full:https://registry.npmjs.org/immutable set size:undefined disposed:false
55 silly placeDep ROOT @parcel/watcher@2.5.4 OK for: sass@1.97.2 want: ^2.4.1
56 silly placeDep ROOT chokidar@4.0.3 OK for: sass@1.97.2 want: ^4.0.0
57 silly placeDep ROOT immutable@5.1.4 OK for: sass@1.97.2 want: ^5.0.2
58 silly fetch manifest detect-libc@^2.0.3
59 silly packumentCache full:https://registry.npmjs.org/detect-libc cache-miss
60 silly fetch manifest is-glob@^4.0.3
61 silly packumentCache full:https://registry.npmjs.org/is-glob cache-miss
62 silly fetch manifest node-addon-api@^7.0.0
63 silly packumentCache full:https://registry.npmjs.org/node-addon-api cache-miss
64 silly fetch manifest @parcel/watcher-darwin-x64@2.5.4
65 silly packumentCache full:https://registry.npmjs.org/@parcel%2fwatcher-darwin-x64 cache-miss
66 silly fetch manifest @parcel/watcher-darwin-arm64@2.5.4
67 silly packumentCache full:https://registry.npmjs.org/@parcel%2fwatcher-darwin-arm64 cache-miss
68 http fetch GET 200 https://registry.npmjs.org/is-glob 124ms (cache miss)
69 silly packumentCache full:https://registry.npmjs.org/is-glob set size:undefined disposed:false
70 silly fetch manifest @parcel/watcher-win32-x64@2.5.4
71 silly packumentCache full:https://registry.npmjs.org/@parcel%2fwatcher-win32-x64 cache-miss
72 http fetch GET 200 https://registry.npmjs.org/detect-libc 130ms (cache miss)
73 silly packumentCache full:https://registry.npmjs.org/detect-libc set size:undefined disposed:false
74 silly fetch manifest @parcel/watcher-win32-arm64@2.5.4
75 silly packumentCache full:https://registry.npmjs.org/@parcel%2fwatcher-win32-arm64 cache-miss
76 http fetch GET 200 https://registry.npmjs.org/node-addon-api 136ms (cache miss)
77 silly packumentCache full:https://registry.npmjs.org/node-addon-api set size:undefined disposed:false
78 silly fetch manifest @parcel/watcher-win32-ia32@2.5.4
79 silly packumentCache full:https://registry.npmjs.org/@parcel%2fwatcher-win32-ia32 cache-miss
80 http fetch GET 200 https://registry.npmjs.org/@parcel%2fwatcher-win32-arm64 80ms (cache miss)
81 silly packumentCache full:https://registry.npmjs.org/@parcel%2fwatcher-win32-arm64 set size:undefined disposed:false
82 silly fetch manifest @parcel/watcher-linux-x64-glibc@2.5.4
83 silly packumentCache full:https://registry.npmjs.org/@parcel%2fwatcher-linux-x64-glibc cache-miss
84 http fetch GET 200 https://registry.npmjs.org/@parcel%2fwatcher-win32-x64 88ms (cache miss)
85 silly packumentCache full:https://registry.npmjs.org/@parcel%2fwatcher-win32-x64 set size:undefined disposed:false
86 silly fetch manifest @parcel/watcher-linux-x64-musl@2.5.4
87 silly packumentCache full:https://registry.npmjs.org/@parcel%2fwatcher-linux-x64-musl cache-miss
88 http fetch GET 200 https://registry.npmjs.org/@parcel%2fwatcher-darwin-arm64 228ms (cache miss)
89 silly packumentCache full:https://registry.npmjs.org/@parcel%2fwatcher-darwin-arm64 set size:undefined disposed:false
90 silly fetch manifest @parcel/watcher-linux-arm64-glibc@2.5.4
91 silly packumentCache full:https://registry.npmjs.org/@parcel%2fwatcher-linux-arm64-glibc cache-miss
92 http fetch GET 200 https://registry.npmjs.org/@parcel%2fwatcher-darwin-x64 230ms (cache miss)
93 silly packumentCache full:https://registry.npmjs.org/@parcel%2fwatcher-darwin-x64 set size:undefined disposed:false
94 silly fetch manifest @parcel/watcher-linux-arm64-musl@2.5.4
95 silly packumentCache full:https://registry.npmjs.org/@parcel%2fwatcher-linux-arm64-musl cache-miss
96 http fetch GET 200 https://registry.npmjs.org/@parcel%2fwatcher-win32-ia32 92ms (cache miss)
97 silly packumentCache full:https://registry.npmjs.org/@parcel%2fwatcher-win32-ia32 set size:undefined disposed:false
98 silly fetch manifest @parcel/watcher-linux-arm-glibc@2.5.4
99 silly packumentCache full:https://registry.npmjs.org/@parcel%2fwatcher-linux-arm-glibc cache-miss
100 http fetch GET 200 https://registry.npmjs.org/@parcel%2fwatcher-linux-x64-glibc 66ms (cache miss)
101 silly packumentCache full:https://registry.npmjs.org/@parcel%2fwatcher-linux-x64-glibc set size:undefined disposed:false
102 silly fetch manifest @parcel/watcher-linux-arm-musl@2.5.4
103 silly packumentCache full:https://registry.npmjs.org/@parcel%2fwatcher-linux-arm-musl cache-miss
104 http fetch GET 200 https://registry.npmjs.org/@parcel%2fwatcher-linux-x64-musl 80ms (cache miss)
105 silly packumentCache full:https://registry.npmjs.org/@parcel%2fwatcher-linux-x64-musl set size:undefined disposed:false
106 silly fetch manifest @parcel/watcher-android-arm64@2.5.4
107 silly packumentCache full:https://registry.npmjs.org/@parcel%2fwatcher-android-arm64 cache-miss
108 http fetch GET 200 https://registry.npmjs.org/@parcel%2fwatcher-linux-arm64-glibc 77ms (cache miss)
109 silly packumentCache full:https://registry.npmjs.org/@parcel%2fwatcher-linux-arm64-glibc set size:undefined disposed:false
110 silly fetch manifest @parcel/watcher-freebsd-x64@2.5.4
111 silly packumentCache full:https://registry.npmjs.org/@parcel%2fwatcher-freebsd-x64 cache-miss
112 http fetch GET 200 https://registry.npmjs.org/@parcel%2fwatcher-linux-arm64-musl 90ms (cache miss)
113 silly packumentCache full:https://registry.npmjs.org/@parcel%2fwatcher-linux-arm64-musl set size:undefined disposed:false
114 silly fetch manifest readdirp@^4.0.1
115 silly packumentCache full:https://registry.npmjs.org/readdirp cache-miss
116 http fetch GET 200 https://registry.npmjs.org/@parcel%2fwatcher-linux-arm-glibc 88ms (cache miss)
117 silly packumentCache full:https://registry.npmjs.org/@parcel%2fwatcher-linux-arm-glibc set size:undefined disposed:false
118 http fetch GET 200 https://registry.npmjs.org/@parcel%2fwatcher-linux-arm-musl 94ms (cache miss)
119 silly packumentCache full:https://registry.npmjs.org/@parcel%2fwatcher-linux-arm-musl set size:undefined disposed:false
120 http fetch GET 200 https://registry.npmjs.org/@parcel%2fwatcher-android-arm64 80ms (cache miss)
121 silly packumentCache full:https://registry.npmjs.org/@parcel%2fwatcher-android-arm64 set size:undefined disposed:false
122 http fetch GET 200 https://registry.npmjs.org/@parcel%2fwatcher-freebsd-x64 112ms (cache miss)
123 silly packumentCache full:https://registry.npmjs.org/@parcel%2fwatcher-freebsd-x64 set size:undefined disposed:false
124 http fetch GET 200 https://registry.npmjs.org/readdirp 110ms (cache miss)
125 silly packumentCache full:https://registry.npmjs.org/readdirp set size:undefined disposed:false
126 silly placeDep ROOT @parcel/watcher-android-arm64@2.5.4 OK for: @parcel/watcher@2.5.4 want: 2.5.4
127 silly placeDep ROOT @parcel/watcher-darwin-arm64@2.5.4 OK for: @parcel/watcher@2.5.4 want: 2.5.4
128 silly placeDep ROOT @parcel/watcher-darwin-x64@2.5.4 OK for: @parcel/watcher@2.5.4 want: 2.5.4
129 silly placeDep ROOT @parcel/watcher-freebsd-x64@2.5.4 OK for: @parcel/watcher@2.5.4 want: 2.5.4
130 silly placeDep ROOT @parcel/watcher-linux-arm-glibc@2.5.4 OK for: @parcel/watcher@2.5.4 want: 2.5.4
131 silly placeDep ROOT @parcel/watcher-linux-arm-musl@2.5.4 OK for: @parcel/watcher@2.5.4 want: 2.5.4
132 silly placeDep ROOT @parcel/watcher-linux-arm64-glibc@2.5.4 OK for: @parcel/watcher@2.5.4 want: 2.5.4
133 silly placeDep ROOT @parcel/watcher-linux-arm64-musl@2.5.4 OK for: @parcel/watcher@2.5.4 want: 2.5.4
134 silly placeDep ROOT @parcel/watcher-linux-x64-glibc@2.5.4 OK for: @parcel/watcher@2.5.4 want: 2.5.4
135 silly placeDep ROOT @parcel/watcher-linux-x64-musl@2.5.4 OK for: @parcel/watcher@2.5.4 want: 2.5.4
136 silly placeDep ROOT @parcel/watcher-win32-arm64@2.5.4 OK for: @parcel/watcher@2.5.4 want: 2.5.4
137 silly placeDep ROOT @parcel/watcher-win32-ia32@2.5.4 OK for: @parcel/watcher@2.5.4 want: 2.5.4
138 silly placeDep ROOT @parcel/watcher-win32-x64@2.5.4 OK for: @parcel/watcher@2.5.4 want: 2.5.4
139 silly placeDep ROOT detect-libc@2.1.2 OK for: @parcel/watcher@2.5.4 want: ^2.0.3
140 silly placeDep ROOT is-glob@4.0.3 OK for: @parcel/watcher@2.5.4 want: ^4.0.3
141 silly placeDep ROOT node-addon-api@7.1.1 OK for: @parcel/watcher@2.5.4 want: ^7.0.0
142 silly fetch manifest is-extglob@^2.1.1
143 silly packumentCache full:https://registry.npmjs.org/is-extglob cache-miss
144 http fetch GET 200 https://registry.npmjs.org/is-extglob 54ms (cache miss)
145 silly packumentCache full:https://registry.npmjs.org/is-extglob set size:undefined disposed:false
146 silly placeDep ROOT readdirp@4.1.2 OK for: chokidar@4.0.3 want: ^4.0.1
147 silly placeDep ROOT is-extglob@2.1.1 OK for: is-glob@4.0.3 want: ^2.1.1
148 silly reify moves {}
149 silly audit bulk request {
149 silly audit   '@babel/code-frame': [ '7.28.6' ],
149 silly audit   '@babel/compat-data': [ '7.28.6' ],
149 silly audit   '@babel/core': [ '7.28.6' ],
149 silly audit   '@babel/generator': [ '7.28.6' ],
149 silly audit   '@babel/helper-annotate-as-pure': [ '7.27.3' ],
149 silly audit   '@babel/helper-compilation-targets': [ '7.28.6' ],
149 silly audit   '@babel/helper-create-class-features-plugin': [ '7.28.6' ],
149 silly audit   '@babel/helper-create-regexp-features-plugin': [ '7.28.5' ],
149 silly audit   '@babel/helper-define-polyfill-provider': [ '0.6.5' ],
149 silly audit   '@babel/helper-globals': [ '7.28.0' ],
149 silly audit   '@babel/helper-member-expression-to-functions': [ '7.28.5' ],
149 silly audit   '@babel/helper-module-imports': [ '7.28.6' ],
149 silly audit   '@babel/helper-module-transforms': [ '7.28.6' ],
149 silly audit   '@babel/helper-optimise-call-expression': [ '7.27.1' ],
149 silly audit   '@babel/helper-plugin-utils': [ '7.28.6' ],
149 silly audit   '@babel/helper-remap-async-to-generator': [ '7.27.1' ],
149 silly audit   '@babel/helper-replace-supers': [ '7.28.6' ],
149 silly audit   '@babel/helper-skip-transparent-expression-wrappers': [ '7.27.1' ],
149 silly audit   '@babel/helper-string-parser': [ '7.27.1' ],
149 silly audit   '@babel/helper-validator-identifier': [ '7.28.5' ],
149 silly audit   '@babel/helper-validator-option': [ '7.27.1' ],
149 silly audit   '@babel/helper-wrap-function': [ '7.28.6' ],
149 silly audit   '@babel/helpers': [ '7.28.6' ],
149 silly audit   '@babel/parser': [ '7.28.6' ],
149 silly audit   '@babel/plugin-bugfix-firefox-class-in-computed-class-key': [ '7.28.5' ],
149 silly audit   '@babel/plugin-bugfix-safari-class-field-initializer-scope': [ '7.27.1' ],
149 silly audit   '@babel/plugin-bugfix-safari-id-destructuring-collision-in-function-expression': [ '7.27.1' ],
149 silly audit   '@babel/plugin-bugfix-v8-spread-parameters-in-optional-chaining': [ '7.27.1' ],
149 silly audit   '@babel/plugin-bugfix-v8-static-class-fields-redefine-readonly': [ '7.28.6' ],
149 silly audit   '@babel/plugin-proposal-private-property-in-object': [ '7.21.0-placeholder-for-preset-env.2' ],
149 silly audit   '@babel/plugin-syntax-import-assertions': [ '7.28.6' ],
149 silly audit   '@babel/plugin-syntax-import-attributes': [ '7.28.6' ],
149 silly audit   '@babel/plugin-syntax-unicode-sets-regex': [ '7.18.6' ],
149 silly audit   '@babel/plugin-transform-arrow-functions': [ '7.27.1' ],
149 silly audit   '@babel/plugin-transform-async-generator-functions': [ '7.28.6' ],
149 silly audit   '@babel/plugin-transform-async-to-generator': [ '7.28.6' ],
149 silly audit   '@babel/plugin-transform-block-scoped-functions': [ '7.27.1' ],
149 silly audit   '@babel/plugin-transform-block-scoping': [ '7.28.6' ],
149 silly audit   '@babel/plugin-transform-class-properties': [ '7.28.6' ],
149 silly audit   '@babel/plugin-transform-class-static-block': [ '7.28.6' ],
149 silly audit   '@babel/plugin-transform-classes': [ '7.28.6' ],
149 silly audit   '@babel/plugin-transform-computed-properties': [ '7.28.6' ],
149 silly audit   '@babel/plugin-transform-destructuring': [ '7.28.5' ],
149 silly audit   '@babel/plugin-transform-dotall-regex': [ '7.28.6' ],
149 silly audit   '@babel/plugin-transform-duplicate-keys': [ '7.27.1' ],
149 silly audit   '@babel/plugin-transform-duplicate-named-capturing-groups-regex': [ '7.28.6' ],
149 silly audit   '@babel/plugin-transform-dynamic-import': [ '7.27.1' ],
149 silly audit   '@babel/plugin-transform-explicit-resource-management': [ '7.28.6' ],
149 silly audit   '@babel/plugin-transform-exponentiation-operator': [ '7.28.6' ],
149 silly audit   '@babel/plugin-transform-export-namespace-from': [ '7.27.1' ],
149 silly audit   '@babel/plugin-transform-for-of': [ '7.27.1' ],
149 silly audit   '@babel/plugin-transform-function-name': [ '7.27.1' ],
149 silly audit   '@babel/plugin-transform-json-strings': [ '7.28.6' ],
149 silly audit   '@babel/plugin-transform-literals': [ '7.27.1' ],
149 silly audit   '@babel/plugin-transform-logical-assignment-operators': [ '7.28.6' ],
149 silly audit   '@babel/plugin-transform-member-expression-literals': [ '7.27.1' ],
149 silly audit   '@babel/plugin-transform-modules-amd': [ '7.27.1' ],
149 silly audit   '@babel/plugin-transform-modules-commonjs': [ '7.28.6' ],
149 silly audit   '@babel/plugin-transform-modules-systemjs': [ '7.28.5' ],
149 silly audit   '@babel/plugin-transform-modules-umd': [ '7.27.1' ],
149 silly audit   '@babel/plugin-transform-named-capturing-groups-regex': [ '7.27.1' ],
149 silly audit   '@babel/plugin-transform-new-target': [ '7.27.1' ],
149 silly audit   '@babel/plugin-transform-nullish-coalescing-operator': [ '7.28.6' ],
149 silly audit   '@babel/plugin-transform-numeric-separator': [ '7.28.6' ],
149 silly audit   '@babel/plugin-transform-object-rest-spread': [ '7.28.6' ],
149 silly audit   '@babel/plugin-transform-object-super': [ '7.27.1' ],
149 silly audit   '@babel/plugin-transform-optional-catch-binding': [ '7.28.6' ],
149 silly audit   '@babel/plugin-transform-optional-chaining': [ '7.28.6' ],
149 silly audit   '@babel/plugin-transform-parameters': [ '7.27.7' ],
149 silly audit   '@babel/plugin-transform-private-methods': [ '7.28.6' ],
149 silly audit   '@babel/plugin-transform-private-property-in-object': [ '7.28.6' ],
149 silly audit   '@babel/plugin-transform-property-literals': [ '7.27.1' ],
149 silly audit   '@babel/plugin-transform-regenerator': [ '7.28.6' ],
149 silly audit   '@babel/plugin-transform-regexp-modifiers': [ '7.28.6' ],
149 silly audit   '@babel/plugin-transform-reserved-words': [ '7.27.1' ],
149 silly audit   '@babel/plugin-transform-shorthand-properties': [ '7.27.1' ],
149 silly audit   '@babel/plugin-transform-spread': [ '7.28.6' ],
149 silly audit   '@babel/plugin-transform-sticky-regex': [ '7.27.1' ],
149 silly audit   '@babel/plugin-transform-template-literals': [ '7.27.1' ],
149 silly audit   '@babel/plugin-transform-typeof-symbol': [ '7.27.1' ],
149 silly audit   '@babel/plugin-transform-unicode-escapes': [ '7.27.1' ],
149 silly audit   '@babel/plugin-transform-unicode-property-regex': [ '7.28.6' ],
149 silly audit   '@babel/plugin-transform-unicode-regex': [ '7.27.1' ],
149 silly audit   '@babel/plugin-transform-unicode-sets-regex': [ '7.28.6' ],
149 silly audit   '@babel/preset-env': [ '7.28.6' ],
149 silly audit   '@babel/preset-modules': [ '0.1.6-no-external-plugins' ],
149 silly audit   '@babel/template': [ '7.28.6' ],
149 silly audit   '@babel/traverse': [ '7.28.6' ],
149 silly audit   '@babel/types': [ '7.28.6' ],
149 silly audit   '@discoveryjs/json-ext': [ '0.5.7' ],
149 silly audit   '@hotwired/stimulus': [ '3.2.2' ],
149 silly audit   '@hotwired/stimulus-webpack-helpers': [ '1.0.1' ],
149 silly audit   '@jest/pattern': [ '30.0.1' ],
149 silly audit   '@jest/schemas': [ '30.0.5' ],
149 silly audit   '@jest/types': [ '30.2.0' ],
149 silly audit   'ansi-styles': [ '4.3.0', '3.2.1' ],
149 silly audit   chalk: [ '4.1.2', '2.4.2' ],
149 silly audit   'color-convert': [ '2.0.1', '1.9.3' ],
149 silly audit   'color-name': [ '1.1.4', '1.1.3' ],
149 silly audit   'has-flag': [ '4.0.0', '3.0.0' ],
149 silly audit   'supports-color': [ '7.2.0', '8.1.1', '5.5.0' ],
149 silly audit   '@jridgewell/gen-mapping': [ '0.3.13' ],
149 silly audit   '@jridgewell/remapping': [ '2.3.5' ],
149 silly audit   '@jridgewell/resolve-uri': [ '3.1.2' ],
149 silly audit   '@jridgewell/source-map': [ '0.3.11' ],
149 silly audit   '@jridgewell/sourcemap-codec': [ '1.5.5' ],
149 silly audit   '@jridgewell/trace-mapping': [ '0.3.31' ],
149 silly audit   '@nuxt/friendly-errors-webpack-plugin': [ '2.6.0' ],
149 silly audit   '@popperjs/core': [ '2.11.8' ],
149 silly audit   '@sinclair/typebox': [ '0.34.47' ],
149 silly audit   '@symfony/stimulus-bridge': [ '4.0.1' ],
149 silly audit   '@symfony/webpack-encore': [ '5.3.1' ],
149 silly audit   semver: [ '7.7.3', '6.3.1' ],
149 silly audit   '@types/eslint': [ '9.6.1' ],
149 silly audit   '@types/eslint-scope': [ '3.7.7' ],
149 silly audit   '@types/estree': [ '1.0.8' ],
149 silly audit   '@types/istanbul-lib-coverage': [ '2.0.6' ],
149 silly audit   '@types/istanbul-lib-report': [ '3.0.3' ],
149 silly audit   '@types/istanbul-reports': [ '3.0.4' ],
149 silly audit   '@types/json-schema': [ '7.0.15' ],
149 silly audit   '@types/node': [ '25.0.9' ],
149 silly audit   '@types/webpack-env': [ '1.18.8' ],
149 silly audit   '@types/yargs': [ '17.0.35' ],
149 silly audit   '@types/yargs-parser': [ '21.0.3' ],
149 silly audit   '@ungap/structured-clone': [ '1.3.0' ],
149 silly audit   '@webassemblyjs/ast': [ '1.14.1' ],
149 silly audit   '@webassemblyjs/floating-point-hex-parser': [ '1.13.2' ],
149 silly audit   '@webassemblyjs/helper-api-error': [ '1.13.2' ],
149 silly audit   '@webassemblyjs/helper-buffer': [ '1.14.1' ],
149 silly audit   '@webassemblyjs/helper-numbers': [ '1.13.2' ],
149 silly audit   '@webassemblyjs/helper-wasm-bytecode': [ '1.13.2' ],
149 silly audit   '@webassemblyjs/helper-wasm-section': [ '1.14.1' ],
149 silly audit   '@webassemblyjs/ieee754': [ '1.13.2' ],
149 silly audit   '@webassemblyjs/leb128': [ '1.13.2' ],
149 silly audit   '@webassemblyjs/utf8': [ '1.13.2' ],
149 silly audit   '@webassemblyjs/wasm-edit': [ '1.14.1' ],
149 silly audit   '@webassemblyjs/wasm-gen': [ '1.14.1' ],
149 silly audit   '@webassemblyjs/wasm-opt': [ '1.14.1' ],
149 silly audit   '@webassemblyjs/wasm-parser': [ '1.14.1' ],
149 silly audit   '@webassemblyjs/wast-printer': [ '1.14.1' ],
149 silly audit   '@webpack-cli/configtest': [ '2.1.1' ],
149 silly audit   '@webpack-cli/info': [ '2.0.2' ],
149 silly audit   '@webpack-cli/serve': [ '2.0.5' ],
149 silly audit   '@xtuc/ieee754': [ '1.2.0' ],
149 silly audit   '@xtuc/long': [ '4.2.2' ],
149 silly audit   acorn: [ '8.15.0' ],
149 silly audit   'acorn-import-phases': [ '1.0.4' ],
149 silly audit   'adjust-sourcemap-loader': [ '4.0.0' ],
149 silly audit   ajv: [ '8.17.1' ],
149 silly audit   'ajv-formats': [ '2.1.1' ],
149 silly audit   'ajv-keywords': [ '5.1.0' ],
149 silly audit   'ansi-regex': [ '5.0.1' ],
149 silly audit   'babel-loader': [ '10.0.0' ],
149 silly audit   'babel-plugin-polyfill-corejs2': [ '0.4.14' ],
149 silly audit   'babel-plugin-polyfill-corejs3': [ '0.13.0' ],
149 silly audit   'babel-plugin-polyfill-regenerator': [ '0.6.5' ],
149 silly audit   'baseline-browser-mapping': [ '2.9.14' ],
149 silly audit   'big.js': [ '5.2.2' ],
149 silly audit   boolbase: [ '1.0.0' ],
149 silly audit   bootstrap: [ '5.3.8' ],
149 silly audit   browserslist: [ '4.28.1' ],
149 silly audit   'buffer-from': [ '1.1.2' ],
149 silly audit   'caniuse-api': [ '3.0.0' ],
149 silly audit   'caniuse-lite': [ '1.0.30001764' ],
149 silly audit   'chrome-trace-event': [ '1.0.4' ],
149 silly audit   'ci-info': [ '4.3.1' ],
149 silly audit   'clone-deep': [ '4.0.1' ],
149 silly audit   colord: [ '2.9.3' ],
149 silly audit   colorette: [ '2.0.20' ],
149 silly audit   commander: [ '11.1.0', '2.20.3', '10.0.1' ],
149 silly audit   consola: [ '3.4.2' ],
149 silly audit   'convert-source-map': [ '2.0.0', '1.9.0' ],
149 silly audit   'core-js': [ '3.47.0' ],
149 silly audit   'core-js-compat': [ '3.47.0' ],
149 silly audit   'cross-spawn': [ '7.0.6' ],
149 silly audit   'css-declaration-sorter': [ '7.3.1' ],
149 silly audit   'css-loader': [ '7.1.2' ],
149 silly audit   'css-minimizer-webpack-plugin': [ '7.0.4' ],
149 silly audit   'css-select': [ '4.3.0', '5.2.2' ],
149 silly audit   'css-tree': [ '3.1.0', '2.2.1' ],
149 silly audit   'css-what': [ '6.2.2' ],
149 silly audit   cssesc: [ '3.0.0' ],
149 silly audit   cssnano: [ '7.1.2' ],
149 silly audit   'cssnano-preset-default': [ '7.0.10' ],
149 silly audit   'cssnano-utils': [ '5.0.1' ],
149 silly audit   csso: [ '5.0.5' ],
149 silly audit   'mdn-data': [ '2.0.28', '2.12.2' ],
149 silly audit   debug: [ '4.4.3' ],
149 silly audit   'dom-converter': [ '0.2.0' ],
149 silly audit   'dom-serializer': [ '1.4.1', '2.0.0' ],
149 silly audit   domelementtype: [ '2.3.0' ],
149 silly audit   domhandler: [ '4.3.1', '5.0.3' ],
149 silly audit   domutils: [ '2.8.0', '3.2.2' ],
149 silly audit   'electron-to-chromium': [ '1.5.267' ],
149 silly audit   'emoji-regex': [ '8.0.0' ],
149 silly audit   'emojis-list': [ '3.0.0' ],
149 silly audit   'enhanced-resolve': [ '5.18.4' ],
149 silly audit   entities: [ '2.2.0', '4.5.0' ],
149 silly audit   envinfo: [ '7.21.0' ],
149 silly audit   'error-stack-parser': [ '2.1.4' ],
149 silly audit   'es-module-lexer': [ '2.0.0' ],
149 silly audit   escalade: [ '3.2.0' ],
149 silly audit   'escape-string-regexp': [ '1.0.5' ],
149 silly audit   'eslint-scope': [ '5.1.1' ],
149 silly audit   esrecurse: [ '4.3.0' ],
149 silly audit   estraverse: [ '5.3.0', '4.3.0' ],
149 silly audit   esutils: [ '2.0.3' ],
149 silly audit   events: [ '3.3.0' ],
149 silly audit   'fast-deep-equal': [ '3.1.3' ],
149 silly audit   'fast-uri': [ '3.1.0' ],
149 silly audit   'fastest-levenshtein': [ '1.0.16' ],
149 silly audit   'find-up': [ '5.0.0', '4.1.0' ],
149 silly audit   flat: [ '5.0.2' ],
149 silly audit   'function-bind': [ '1.1.2' ],
149 silly audit   gensync: [ '1.0.0-beta.2' ],
149 silly audit   'glob-to-regexp': [ '0.4.1' ],
149 silly audit   'graceful-fs': [ '4.2.11' ],
149 silly audit   hasown: [ '2.0.2' ],
149 silly audit   htmlparser2: [ '6.1.0' ],
149 silly audit   'icss-utils': [ '5.1.0' ],
149 silly audit   'import-local': [ '3.2.0' ],
149 silly audit   interpret: [ '3.1.1' ],
149 silly audit   'is-core-module': [ '2.16.1' ],
149 silly audit   'is-fullwidth-code-point': [ '3.0.0' ],
149 silly audit   'is-plain-object': [ '2.0.4' ],
149 silly audit   isexe: [ '2.0.0' ],
149 silly audit   isobject: [ '3.0.1' ],
149 silly audit   'jest-regex-util': [ '30.0.1' ],
149 silly audit   'jest-util': [ '30.2.0' ],
149 silly audit   'jest-worker': [ '30.2.0', '27.5.1' ],
149 silly audit   'js-tokens': [ '4.0.0' ],
149 silly audit   jsesc: [ '3.1.0' ],
149 silly audit   'json-parse-even-better-errors': [ '2.3.1' ],
149 silly audit   'json-schema-traverse': [ '1.0.0' ],
149 silly audit   json5: [ '2.2.3' ],
149 silly audit   'kind-of': [ '6.0.3' ],
149 silly audit   lilconfig: [ '3.1.3' ],
149 silly audit   'loader-runner': [ '4.3.1' ],
149 silly audit   'loader-utils': [ '2.0.4' ],
149 silly audit   'locate-path': [ '6.0.0', '5.0.0' ],
149 silly audit   lodash: [ '4.17.21' ],
149 silly audit   'lodash.debounce': [ '4.0.8' ],
149 silly audit   'lodash.memoize': [ '4.1.2' ],
149 silly audit   'lodash.uniq': [ '4.5.0' ],
149 silly audit   'lru-cache': [ '5.1.1' ],
149 silly audit   'merge-stream': [ '2.0.0' ],
149 silly audit   'mime-db': [ '1.52.0' ],
149 silly audit   'mime-types': [ '2.1.35' ],
149 silly audit   'mini-css-extract-plugin': [ '2.9.4' ],
149 silly audit   ms: [ '2.1.3' ],
149 silly audit   nanoid: [ '3.3.11' ],
149 silly audit   'neo-async': [ '2.6.2' ],
149 silly audit   'node-releases': [ '2.0.27' ],
149 silly audit   'nth-check': [ '2.1.1' ],
149 silly audit   'p-limit': [ '3.1.0', '2.3.0' ],
149 silly audit   'p-locate': [ '5.0.0', '4.1.0' ],
149 silly audit   'p-try': [ '2.2.0' ],
149 silly audit   'path-exists': [ '4.0.0' ],
149 silly audit   'path-key': [ '3.1.1' ],
149 silly audit   'path-parse': [ '1.0.7' ],
149 silly audit   picocolors: [ '1.1.1' ],
149 silly audit   picomatch: [ '4.0.3' ],
149 silly audit   'pkg-dir': [ '4.2.0' ],
149 silly audit   postcss: [ '8.5.6' ],
149 silly audit   'postcss-calc': [ '10.1.1' ],
149 silly audit   'postcss-colormin': [ '7.0.5' ],
149 silly audit   'postcss-convert-values': [ '7.0.8' ],
149 silly audit   'postcss-discard-comments': [ '7.0.5' ],
149 silly audit   'postcss-discard-duplicates': [ '7.0.2' ],
149 silly audit   'postcss-discard-empty': [ '7.0.1' ],
149 silly audit   'postcss-discard-overridden': [ '7.0.1' ],
149 silly audit   'postcss-merge-longhand': [ '7.0.5' ],
149 silly audit   'postcss-merge-rules': [ '7.0.7' ],
149 silly audit   'postcss-minify-font-values': [ '7.0.1' ],
149 silly audit   'postcss-minify-gradients': [ '7.0.1' ],
149 silly audit   'postcss-minify-params': [ '7.0.5' ],
149 silly audit   'postcss-minify-selectors': [ '7.0.5' ],
149 silly audit   'postcss-modules-extract-imports': [ '3.1.0' ],
149 silly audit   'postcss-modules-local-by-default': [ '4.2.0' ],
149 silly audit   'postcss-modules-scope': [ '3.2.1' ],
149 silly audit   'postcss-modules-values': [ '4.0.0' ],
149 silly audit   'postcss-normalize-charset': [ '7.0.1' ],
149 silly audit   'postcss-normalize-display-values': [ '7.0.1' ],
149 silly audit   'postcss-normalize-positions': [ '7.0.1' ],
149 silly audit   'postcss-normalize-repeat-style': [ '7.0.1' ],
149 silly audit   'postcss-normalize-string': [ '7.0.1' ],
149 silly audit   'postcss-normalize-timing-functions': [ '7.0.1' ],
149 silly audit   'postcss-normalize-unicode': [ '7.0.5' ],
149 silly audit   'postcss-normalize-url': [ '7.0.1' ],
149 silly audit   'postcss-normalize-whitespace': [ '7.0.1' ],
149 silly audit   'postcss-ordered-values': [ '7.0.2' ],
149 silly audit   'postcss-reduce-initial': [ '7.0.5' ],
149 silly audit   'postcss-reduce-transforms': [ '7.0.1' ],
149 silly audit   'postcss-selector-parser': [ '7.1.1' ],
149 silly audit   'postcss-svgo': [ '7.1.0' ],
149 silly audit   'postcss-unique-selectors': [ '7.0.4' ],
149 silly audit   'postcss-value-parser': [ '4.2.0' ],
149 silly audit   'pretty-error': [ '4.0.0' ],
149 silly audit   randombytes: [ '2.1.0' ],
149 silly audit   rechoir: [ '0.8.0' ],
149 silly audit   regenerate: [ '1.4.2' ],
149 silly audit   'regenerate-unicode-properties': [ '10.2.2' ],
149 silly audit   'regenerator-runtime': [ '0.13.11' ],
149 silly audit   'regex-parser': [ '2.3.1' ],
149 silly audit   'regexpu-core': [ '6.4.0' ],
149 silly audit   regjsgen: [ '0.8.0' ],
149 silly audit   regjsparser: [ '0.13.0' ],
149 silly audit   renderkid: [ '3.0.0' ],
149 silly audit   'require-from-string': [ '2.0.2' ],
149 silly audit   resolve: [ '1.22.11' ],
149 silly audit   'resolve-cwd': [ '3.0.0' ],
149 silly audit   'resolve-from': [ '5.0.0' ],
149 silly audit   'resolve-url-loader': [ '5.0.0' ],
149 silly audit   'safe-buffer': [ '5.2.1' ],
149 silly audit   sax: [ '1.4.4' ],
149 silly audit   'schema-utils': [ '4.3.3' ],
149 silly audit   'serialize-javascript': [ '6.0.2' ],
149 silly audit   'shallow-clone': [ '3.0.1' ],
149 silly audit   'shebang-command': [ '2.0.0' ],
149 silly audit   'shebang-regex': [ '3.0.0' ],
149 silly audit   'source-list-map': [ '2.0.1' ],
149 silly audit   'source-map': [ '0.6.1' ],
149 silly audit   'source-map-js': [ '1.2.1' ],
149 silly audit   'source-map-support': [ '0.5.21' ],
149 silly audit   stackframe: [ '1.3.4' ],
149 silly audit   'string-width': [ '4.2.3' ],
149 silly audit   'strip-ansi': [ '6.0.1' ],
149 silly audit   'style-loader': [ '4.0.0' ],
149 silly audit   stylehacks: [ '7.0.7' ],
149 silly audit   'supports-preserve-symlinks-flag': [ '1.0.0' ],
149 silly audit   svgo: [ '4.0.0' ],
149 silly audit   tapable: [ '2.3.0' ],
149 silly audit   terser: [ '5.46.0' ],
149 silly audit   'terser-webpack-plugin': [ '5.3.16' ],
149 silly audit   tmp: [ '0.2.5' ],
149 silly audit   'undici-types': [ '7.16.0' ],
149 silly audit   'unicode-canonical-property-names-ecmascript': [ '2.0.1' ],
149 silly audit   'unicode-match-property-ecmascript': [ '2.0.0' ],
149 silly audit   'unicode-match-property-value-ecmascript': [ '2.2.1' ],
149 silly audit   'unicode-property-aliases-ecmascript': [ '2.2.0' ],
149 silly audit   'update-browserslist-db': [ '1.2.3' ],
149 silly audit   'util-deprecate': [ '1.0.2' ],
149 silly audit   utila: [ '0.4.0' ],
149 silly audit   watchpack: [ '2.5.1' ],
149 silly audit   webpack: [ '5.104.1' ],
149 silly audit   'webpack-cli': [ '5.1.4' ],
149 silly audit   'webpack-manifest-plugin': [ '5.0.1' ],
149 silly audit   'webpack-sources': [ '2.3.1', '3.3.3' ],
149 silly audit   'webpack-merge': [ '5.10.0' ],
149 silly audit   which: [ '2.0.2' ],
149 silly audit   wildcard: [ '2.0.1' ],
149 silly audit   yallist: [ '3.1.1' ],
149 silly audit   'yargs-parser': [ '21.1.1' ],
149 silly audit   'yocto-queue': [ '0.1.0' ],
149 silly audit   sass: [ '1.97.2' ],
149 silly audit   'sass-loader': [ '16.0.6' ],
149 silly audit   '@parcel/watcher': [ '2.5.4' ],
149 silly audit   chokidar: [ '4.0.3' ],
149 silly audit   immutable: [ '5.1.4' ],
149 silly audit   '@parcel/watcher-android-arm64': [ '2.5.4' ],
149 silly audit   '@parcel/watcher-darwin-arm64': [ '2.5.4' ],
149 silly audit   '@parcel/watcher-darwin-x64': [ '2.5.4' ],
149 silly audit   '@parcel/watcher-freebsd-x64': [ '2.5.4' ],
149 silly audit   '@parcel/watcher-linux-arm-glibc': [ '2.5.4' ],
149 silly audit   '@parcel/watcher-linux-arm-musl': [ '2.5.4' ],
149 silly audit   '@parcel/watcher-linux-arm64-glibc': [ '2.5.4' ],
149 silly audit   '@parcel/watcher-linux-arm64-musl': [ '2.5.4' ],
149 silly audit   '@parcel/watcher-linux-x64-glibc': [ '2.5.4' ],
149 silly audit   '@parcel/watcher-linux-x64-musl': [ '2.5.4' ],
149 silly audit   '@parcel/watcher-win32-arm64': [ '2.5.4' ],
149 silly audit   '@parcel/watcher-win32-ia32': [ '2.5.4' ],
149 silly audit   '@parcel/watcher-win32-x64': [ '2.5.4' ],
149 silly audit   'detect-libc': [ '2.1.2' ],
149 silly audit   'is-glob': [ '4.0.3' ],
149 silly audit   'node-addon-api': [ '7.1.1' ],
149 silly audit   readdirp: [ '4.1.2' ],
149 silly audit   'is-extglob': [ '2.1.1' ]
149 silly audit }
150 http cache is-extglob@https://registry.npmjs.org/is-extglob/-/is-extglob-2.1.1.tgz 0ms (cache hit)
151 http cache readdirp@https://registry.npmjs.org/readdirp/-/readdirp-4.1.2.tgz 0ms (cache hit)
152 http cache node-addon-api@https://registry.npmjs.org/node-addon-api/-/node-addon-api-7.1.1.tgz 0ms (cache hit)
153 http cache is-glob@https://registry.npmjs.org/is-glob/-/is-glob-4.0.3.tgz 0ms (cache hit)
154 http cache detect-libc@https://registry.npmjs.org/detect-libc/-/detect-libc-2.1.2.tgz 0ms (cache hit)
155 http cache @parcel/watcher-linux-x64-musl@https://registry.npmjs.org/@parcel/watcher-linux-x64-musl/-/watcher-linux-x64-musl-2.5.4.tgz 0ms (cache hit)
156 http cache immutable@https://registry.npmjs.org/immutable/-/immutable-5.1.4.tgz 0ms (cache hit)
157 http cache chokidar@https://registry.npmjs.org/chokidar/-/chokidar-4.0.3.tgz 0ms (cache hit)
158 http cache @parcel/watcher@https://registry.npmjs.org/@parcel/watcher/-/watcher-2.5.4.tgz 0ms (cache hit)
159 http cache sass-loader@https://registry.npmjs.org/sass-loader/-/sass-loader-16.0.6.tgz 0ms (cache hit)
160 http cache sass@https://registry.npmjs.org/sass/-/sass-1.97.2.tgz 0ms (cache hit)
161 silly tarball no local data for is-extglob@https://registry.npmjs.org/is-extglob/-/is-extglob-2.1.1.tgz. Extracting by manifest.
162 silly tarball no local data for readdirp@https://registry.npmjs.org/readdirp/-/readdirp-4.1.2.tgz. Extracting by manifest.
163 silly tarball no local data for node-addon-api@https://registry.npmjs.org/node-addon-api/-/node-addon-api-7.1.1.tgz. Extracting by manifest.
164 silly tarball no local data for is-glob@https://registry.npmjs.org/is-glob/-/is-glob-4.0.3.tgz. Extracting by manifest.
165 silly tarball no local data for detect-libc@https://registry.npmjs.org/detect-libc/-/detect-libc-2.1.2.tgz. Extracting by manifest.
166 silly tarball no local data for @parcel/watcher-linux-x64-musl@https://registry.npmjs.org/@parcel/watcher-linux-x64-musl/-/watcher-linux-x64-musl-2.5.4.tgz. Extracting by manifest.
167 silly tarball no local data for immutable@https://registry.npmjs.org/immutable/-/immutable-5.1.4.tgz. Extracting by manifest.
168 silly tarball no local data for chokidar@https://registry.npmjs.org/chokidar/-/chokidar-4.0.3.tgz. Extracting by manifest.
169 silly tarball no local data for @parcel/watcher@https://registry.npmjs.org/@parcel/watcher/-/watcher-2.5.4.tgz. Extracting by manifest.
170 silly tarball no local data for sass-loader@https://registry.npmjs.org/sass-loader/-/sass-loader-16.0.6.tgz. Extracting by manifest.
171 silly tarball no local data for sass@https://registry.npmjs.org/sass/-/sass-1.97.2.tgz. Extracting by manifest.
172 http fetch GET 200 https://registry.npmjs.org/is-extglob/-/is-extglob-2.1.1.tgz 70ms (cache miss)
173 http fetch GET 200 https://registry.npmjs.org/readdirp/-/readdirp-4.1.2.tgz 72ms (cache miss)
174 http fetch GET 200 https://registry.npmjs.org/is-glob/-/is-glob-4.0.3.tgz 97ms (cache miss)
175 http fetch GET 200 https://registry.npmjs.org/node-addon-api/-/node-addon-api-7.1.1.tgz 99ms (cache miss)
176 http fetch POST 200 https://registry.npmjs.org/-/npm/v1/security/advisories/bulk 237ms
177 silly audit report {}
178 http fetch GET 200 https://registry.npmjs.org/detect-libc/-/detect-libc-2.1.2.tgz 250ms (cache miss)
179 http fetch GET 200 https://registry.npmjs.org/sass-loader/-/sass-loader-16.0.6.tgz 263ms (cache miss)
180 http fetch GET 200 https://registry.npmjs.org/chokidar/-/chokidar-4.0.3.tgz 270ms (cache miss)
181 http fetch GET 200 https://registry.npmjs.org/immutable/-/immutable-5.1.4.tgz 281ms (cache miss)
182 http fetch GET 200 https://registry.npmjs.org/@parcel/watcher/-/watcher-2.5.4.tgz 292ms (cache miss)
183 http fetch GET 200 https://registry.npmjs.org/@parcel/watcher-linux-x64-musl/-/watcher-linux-x64-musl-2.5.4.tgz 309ms (cache miss)
184 http fetch GET 200 https://registry.npmjs.org/sass/-/sass-1.97.2.tgz 498ms (cache miss)
185 info run @parcel/watcher@2.5.4 install node_modules/@parcel/watcher node scripts/build-from-source.js
186 info run @parcel/watcher@2.5.4 install { code: 0, signal: null }
187 silly ADD node_modules/is-extglob
188 silly ADD node_modules/readdirp
189 silly ADD node_modules/node-addon-api
190 silly ADD node_modules/is-glob
191 silly ADD node_modules/detect-libc
192 silly ADD node_modules/@parcel/watcher-linux-x64-musl
193 silly ADD node_modules/immutable
194 silly ADD node_modules/chokidar
195 silly ADD node_modules/@parcel/watcher
196 silly ADD node_modules/sass-loader
197 silly ADD node_modules/sass
198 verbose cwd /var/www
199 verbose os Linux 6.14.0-37-generic
200 verbose node v24.13.0
201 verbose npm  v11.6.3
202 verbose exit 0
203 info ok
